2016-11-30 18:23:03.788 [main] INFO 
				OpApiApplication[StartupInfoLogger.java:47] - Starting OpApiApplication on bayern-PC with PID 7188 (E:\epworkspace\ccps_boot\ccps\op-api\target\classes started by bayern in E:\epworkspace\ccps_boot\ccps\op-api)
 2016-11-30 18:23:03.788 [main] DEBUG
				OpApiApplication[StartupInfoLogger.java:50] - Running with Spring Boot v1.2.7.RELEASE, Spring v4.1.8.RELEASE
 2016-11-30 18:24:30.733 [main] INFO 
				OpApiApplication[StartupInfoLogger.java:47] - Starting OpApiApplication on bayern-PC with PID 2400 (E:\epworkspace\ccps_boot\ccps\op-api\target\classes started by bayern in E:\epworkspace\ccps_boot\ccps\op-api)
 2016-11-30 18:24:30.733 [main] DEBUG
				OpApiApplication[StartupInfoLogger.java:50] - Running with Spring Boot v1.2.7.RELEASE, Spring v4.1.8.RELEASE
 2016-11-30 18:25:31.298 [main] INFO 
				OpApiApplication[StartupInfoLogger.java:47] - Starting OpApiApplication on bayern-PC with PID 10888 (E:\epworkspace\ccps_boot\ccps\op-api\target\classes started by bayern in E:\epworkspace\ccps_boot\ccps\op-api)
 2016-11-30 18:25:31.299 [main] DEBUG
				OpApiApplication[StartupInfoLogger.java:50] - Running with Spring Boot v1.2.7.RELEASE, Spring v4.1.8.RELEASE
 2016-11-30 18:27:47.808 [main] INFO 
				OpApiApplication[StartupInfoLogger.java:47] - Starting OpApiApplication on bayern-PC with PID 2348 (E:\epworkspace\ccps_boot\ccps\op-api\target\classes started by bayern in E:\epworkspace\ccps_boot\ccps\op-api)
 2016-11-30 18:27:47.809 [main] DEBUG
				OpApiApplication[StartupInfoLogger.java:50] - Running with Spring Boot v1.2.7.RELEASE, Spring v4.1.8.RELEASE
 2016-11-30 18:31:33.069 [main] INFO 
				OpApiApplication[StartupInfoLogger.java:47] - Starting OpApiApplication on bayern-PC with PID 9704 (E:\epworkspace\ccps_boot\ccps\op-api\target\classes started by bayern in E:\epworkspace\ccps_boot\ccps\op-api)
 2016-11-30 18:31:33.070 [main] DEBUG
				OpApiApplication[StartupInfoLogger.java:50] - Running with Spring Boot v1.2.7.RELEASE, Spring v4.1.8.RELEASE
 2016-11-30 18:34:10.048 [main] INFO 
				OpApiApplication[StartupInfoLogger.java:47] - Starting OpApiApplication on bayern-PC with PID 3104 (E:\epworkspace\ccps_boot\ccps\op-api\target\classes started by bayern in E:\epworkspace\ccps_boot\ccps\op-api)
 2016-11-30 18:34:10.049 [main] DEBUG
				OpApiApplication[StartupInfoLogger.java:50] - Running with Spring Boot v1.2.7.RELEASE, Spring v4.1.8.RELEASE
 2016-11-30 18:47:14.370 [main] INFO 
				OpApiApplication[StartupInfoLogger.java:47] - Starting OpApiApplication on bayern-PC with PID 7512 (E:\epworkspace\ccps_boot\ccps\op-api\target\classes started by bayern in E:\epworkspace\ccps_boot\ccps\op-api)
 2016-11-30 18:47:14.371 [main] DEBUG
				OpApiApplication[StartupInfoLogger.java:50] - Running with Spring Boot v1.2.7.RELEASE, Spring v4.1.8.RELEASE
 2016-11-30 18:50:55.002 [main] INFO 
				OpApiApplication[StartupInfoLogger.java:47] - Starting OpApiApplication on bayern-PC with PID 6896 (E:\epworkspace\ccps_boot\ccps\op-api\target\classes started by bayern in E:\epworkspace\ccps_boot\ccps\op-api)
 2016-11-30 18:50:55.002 [main] DEBUG
				OpApiApplication[StartupInfoLogger.java:50] - Running with Spring Boot v1.2.7.RELEASE, Spring v4.1.8.RELEASE
 2016-11-30 18:53:56.596 [main] INFO 
				OpApiApplication[StartupInfoLogger.java:47] - Starting OpApiApplication on bayern-PC with PID 10404 (E:\epworkspace\ccps_boot\ccps\op-api\target\classes started by bayern in E:\epworkspace\ccps_boot\ccps\op-api)
 2016-11-30 18:53:56.596 [main] DEBUG
				OpApiApplication[StartupInfoLogger.java:50] - Running with Spring Boot v1.2.7.RELEASE, Spring v4.1.8.RELEASE
 2016-11-30 18:56:07.910 [main] INFO 
				OpApiApplication[StartupInfoLogger.java:47] - Starting OpApiApplication on bayern-PC with PID 5572 (E:\epworkspace\ccps_boot\ccps\op-api\target\classes started by bayern in E:\epworkspace\ccps_boot\ccps\op-api)
 2016-11-30 18:56:07.911 [main] DEBUG
				OpApiApplication[StartupInfoLogger.java:50] - Running with Spring Boot v1.2.7.RELEASE, Spring v4.1.8.RELEASE
 2016-11-30 18:58:24.097 [main] INFO 
				OpApiApplication[StartupInfoLogger.java:47] - Starting OpApiApplication on bayern-PC with PID 11064 (E:\epworkspace\ccps_boot\ccps\op-api\target\classes started by bayern in E:\epworkspace\ccps_boot\ccps\op-api)
 2016-11-30 18:58:24.098 [main] DEBUG
				OpApiApplication[StartupInfoLogger.java:50] - Running with Spring Boot v1.2.7.RELEASE, Spring v4.1.8.RELEASE
 2016-11-30 18:58:49.015 [main] INFO 
				OpApiApplication[StartupInfoLogger.java:47] - Starting OpApiApplication on bayern-PC with PID 7836 (E:\epworkspace\ccps_boot\ccps\op-api\target\classes started by bayern in E:\epworkspace\ccps_boot\ccps\op-api)
 2016-11-30 18:58:49.016 [main] DEBUG
				OpApiApplication[StartupInfoLogger.java:50] - Running with Spring Boot v1.2.7.RELEASE, Spring v4.1.8.RELEASE
 2016-11-30 19:00:46.146 [main] INFO 
				OpApiApplication[StartupInfoLogger.java:47] - Starting OpApiApplication on bayern-PC with PID 8684 (E:\epworkspace\ccps_boot\ccps\op-api\target\classes started by bayern in E:\epworkspace\ccps_boot\ccps\op-api)
 2016-11-30 19:00:46.146 [main] DEBUG
				OpApiApplication[StartupInfoLogger.java:50] - Running with Spring Boot v1.2.7.RELEASE, Spring v4.1.8.RELEASE
 2016-11-30 19:00:52.301 [main] INFO 
				OpApiApplication[StartupInfoLogger.java:56] - Started OpApiApplication in 6.376 seconds (JVM running for 7.149)
 